TN:
SF:server.js
FN:17,(anonymous_0)
FN:23,(anonymous_1)
FNF:2
FNH:1
FNDA:0,(anonymous_0)
FNDA:1,(anonymous_1)
DA:1,1
DA:2,1
DA:3,1
DA:4,1
DA:5,1
DA:7,1
DA:9,1
DA:11,1
DA:12,1
DA:14,1
DA:15,1
DA:17,1
DA:18,0
DA:23,1
DA:26,1
LF:15
LH:14
BRF:0
BRH:0
end_of_record
TN:
SF:config/db.js
FN:10,(anonymous_0)
FN:13,(anonymous_1)
FNF:2
FNH:1
FNDA:1,(anonymous_0)
FNDA:0,(anonymous_1)
DA:1,1
DA:3,1
DA:6,1
DA:11,1
DA:14,0
LF:5
LH:4
BRF:0
BRH:0
end_of_record
TN:
SF:controller/blog-controller.js
FN:6,(anonymous_0)
FN:21,(anonymous_1)
FN:64,(anonymous_2)
FN:86,(anonymous_3)
FN:103,(anonymous_4)
FN:125,(anonymous_5)
FNF:6
FNH:6
FNDA:1,(anonymous_0)
FNDA:1,(anonymous_1)
FNDA:1,(anonymous_2)
FNDA:1,(anonymous_3)
FNDA:2,(anonymous_4)
FNDA:1,(anonymous_5)
DA:1,1
DA:2,1
DA:3,1
DA:4,1
DA:6,1
DA:8,1
DA:9,1
DA:11,0
DA:14,1
DA:15,0
DA:18,1
DA:21,1
DA:22,1
DA:24,1
DA:27,1
DA:28,1
DA:30,0
DA:32,1
DA:33,0
DA:36,1
DA:44,1
DA:45,1
DA:47,0
DA:50,1
DA:51,1
DA:52,1
DA:53,1
DA:54,1
DA:55,1
DA:56,1
DA:58,0
DA:59,0
DA:61,1
DA:64,1
DA:65,1
DA:66,1
DA:70,1
DA:71,1
DA:76,0
DA:79,1
DA:80,0
DA:83,1
DA:86,1
DA:87,1
DA:90,1
DA:91,1
DA:93,0
DA:96,1
DA:97,0
DA:100,1
DA:103,1
DA:104,2
DA:106,2
DA:107,2
DA:109,2
DA:110,1
DA:114,1
DA:115,1
DA:116,1
DA:118,1
DA:120,0
DA:121,0
DA:125,1
DA:126,1
DA:128,1
DA:129,1
DA:131,0
DA:133,1
DA:134,0
DA:136,1
DA:139,1
LF:71
LH:56
BRDA:14,0,0,0
BRDA:14,0,1,1
BRDA:32,1,0,0
BRDA:32,1,1,1
BRDA:79,2,0,0
BRDA:79,2,1,1
BRDA:96,3,0,0
BRDA:96,3,1,1
BRDA:109,4,0,1
BRDA:109,4,1,1
BRDA:133,5,0,0
BRDA:133,5,1,1
BRF:12
BRH:7
end_of_record
TN:
SF:controller/user-contoller.js
FN:4,(anonymous_0)
FN:20,(anonymous_1)
FN:48,(anonymous_2)
FNF:3
FNH:3
FNDA:1,(anonymous_0)
FNDA:3,(anonymous_1)
FNDA:1,(anonymous_2)
DA:1,1
DA:2,1
DA:4,1
DA:7,1
DA:8,1
DA:11,0
DA:13,1
DA:14,0
DA:17,1
DA:20,1
DA:21,3
DA:25,3
DA:26,3
DA:28,0
DA:31,3
DA:32,2
DA:34,1
DA:35,1
DA:41,1
DA:42,1
DA:43,1
DA:45,0
DA:48,1
DA:49,1
DA:53,1
DA:54,1
DA:56,0
DA:58,1
DA:59,0
DA:62,1
DA:64,1
DA:65,0
DA:68,1
DA:71,1
LF:34
LH:27
BRDA:13,0,0,0
BRDA:13,0,1,1
BRDA:31,1,0,2
BRDA:31,1,1,1
BRDA:58,2,0,0
BRDA:58,2,1,1
BRDA:64,3,0,0
BRDA:64,3,1,1
BRF:8
BRH:5
end_of_record
TN:
SF:model/Blog.js
FNF:0
FNH:0
DA:1,2
DA:3,2
DA:5,2
DA:29,2
LF:4
LH:4
BRF:0
BRH:0
end_of_record
TN:
SF:model/User.js
FNF:0
FNH:0
DA:1,2
DA:3,2
DA:5,2
DA:26,2
LF:4
LH:4
BRF:0
BRH:0
end_of_record
TN:
SF:routes/blog-routes.js
FNF:0
FNH:0
DA:1,1
DA:2,1
DA:5,1
DA:7,1
DA:8,1
DA:9,1
DA:10,1
DA:11,1
DA:12,1
DA:13,1
LF:10
LH:10
BRF:0
BRH:0
end_of_record
TN:
SF:routes/user-routes.js
FNF:0
FNH:0
DA:1,1
DA:2,1
DA:3,1
DA:6,1
DA:7,1
DA:8,1
DA:10,1
LF:7
LH:7
BRF:0
BRH:0
end_of_record
